2021-12-08 07:18:58,104 [INFO] com.relationaldata.organisationdata.OrganisationDataApplication [main] Starting OrganisationDataApplication using Java 11.0.11 on yaambs18-Latitude-E7240 with PID 6042 (/home/yaambs18/Desktop/organisation-data/target/classes started by yaambs18 in /home/yaambs18/Desktop/organisation-data)
2021-12-08 07:18:58,137 [DEBUG] com.relationaldata.organisationdata.OrganisationDataApplication [main] Running with Spring Boot v2.6.1, Spring v5.3.13
2021-12-08 07:18:58,137 [INFO] com.relationaldata.organisationdata.OrganisationDataApplication [main] No active profile set, falling back to default profiles: default
2021-12-08 07:18:59,577 [INFO] org.springframework.data.repository.config.RepositoryConfigurationDelegate [main] Bootstrapping Spring Data JPA repositories in DEFAULT mode.
2021-12-08 07:18:59,709 [INFO] org.springframework.data.repository.config.RepositoryConfigurationDelegate [main] Finished Spring Data repository scanning in 113 ms. Found 4 JPA repository interfaces.
2021-12-08 07:19:01,061 [INFO] org.springframework.boot.web.embedded.tomcat.TomcatWebServer [main] Tomcat initialized with port(s): 8080 (http)
2021-12-08 07:19:01,078 [INFO] org.apache.catalina.core.StandardService [main] Starting service [Tomcat]
2021-12-08 07:19:01,079 [INFO] org.apache.catalina.core.StandardEngine [main] Starting Servlet engine: [Apache Tomcat/9.0.55]
2021-12-08 07:19:01,216 [INFO] org.apache.catalina.core.ContainerBase.[Tomcat].[localhost].[/] [main] Initializing Spring embedded WebApplicationContext
2021-12-08 07:19:01,216 [INFO] org.springframework.boot.web.servlet.context.ServletWebServerApplicationContext [main] Root WebApplicationContext: initialization completed in 2854 ms
2021-12-08 07:19:01,684 [INFO] org.hibernate.jpa.internal.util.LogHelper [main] HHH000204: Processing PersistenceUnitInfo [name: default]
2021-12-08 07:19:01,776 [INFO] org.hibernate.Version [main] HHH000412: Hibernate ORM core version 5.6.1.Final
2021-12-08 07:19:02,075 [INFO] org.hibernate.annotations.common.Version [main] HCANN000001: Hibernate Commons Annotations {5.1.2.Final}
2021-12-08 07:19:02,191 [INFO] com.zaxxer.hikari.HikariDataSource [main] d1 - Starting...
2021-12-08 07:19:02,800 [INFO] com.zaxxer.hikari.HikariDataSource [main] d1 - Start completed.
2021-12-08 07:19:02,842 [INFO] org.hibernate.dialect.Dialect [main] HHH000400: Using dialect: org.hibernate.dialect.MySQL8Dialect
2021-12-08 07:19:04,184 [INFO] org.hibernate.engine.transaction.jta.platform.internal.JtaPlatformInitiator [main] HHH000490: Using JtaPlatform implementation: [org.hibernate.engine.transaction.jta.platform.internal.NoJtaPlatform]
2021-12-08 07:19:04,192 [INFO] org.springframework.orm.jpa.LocalContainerEntityManagerFactoryBean [main] Initialized JPA EntityManagerFactory for persistence unit 'default'
2021-12-08 07:19:04,260 [WARN] org.springframework.boot.autoconfigure.orm.jpa.JpaBaseConfiguration$JpaWebConfiguration [main] spring.jpa.open-in-view is enabled by default. Therefore, database queries may be performed during view rendering. Explicitly configure spring.jpa.open-in-view to disable this warning
2021-12-08 07:19:05,148 [INFO] org.springframework.security.web.DefaultSecurityFilterChain [main] Will secure any request with [org.springframework.security.web.context.request.async.WebAsyncManagerIntegrationFilter@50b624da, org.springframework.security.web.context.SecurityContextPersistenceFilter@55cb3b7, org.springframework.security.web.header.HeaderWriterFilter@4fbbd98c, org.springframework.security.web.authentication.logout.LogoutFilter@640a6d4b, org.springframework.security.web.authentication.UsernamePasswordAuthenticationFilter@c478e4e, org.springframework.security.web.authentication.ui.DefaultLoginPageGeneratingFilter@1fa796a4, org.springframework.security.web.authentication.ui.DefaultLogoutPageGeneratingFilter@1764e45e, org.springframework.security.web.savedrequest.RequestCacheAwareFilter@280c3dc0, org.springframework.security.web.servletapi.SecurityContextHolderAwareRequestFilter@53917c92, org.springframework.security.web.authentication.AnonymousAuthenticationFilter@3892802b, org.springframework.security.web.session.SessionManagementFilter@3d3b852e, org.springframework.security.web.access.ExceptionTranslationFilter@dcdb883, org.springframework.security.web.access.intercept.FilterSecurityInterceptor@7d07e04e]
2021-12-08 07:19:05,781 [INFO] org.springframework.boot.web.embedded.tomcat.TomcatWebServer [main] Tomcat started on port(s): 8080 (http) with context path ''
2021-12-08 07:19:05,801 [INFO] com.relationaldata.organisationdata.OrganisationDataApplication [main] Started OrganisationDataApplication in 8.825 seconds (JVM running for 10.121)
2021-12-08 07:19:06,139 [INFO] org.apache.catalina.core.ContainerBase.[Tomcat].[localhost].[/] [http-nio-8080-exec-1] Initializing Spring DispatcherServlet 'dispatcherServlet'
2021-12-08 07:19:06,144 [INFO] org.springframework.web.servlet.DispatcherServlet [http-nio-8080-exec-1] Initializing Servlet 'dispatcherServlet'
2021-12-08 07:19:06,160 [INFO] org.springframework.web.servlet.DispatcherServlet [http-nio-8080-exec-1] Completed initialization in 6 ms
2021-12-08 07:19:15,740 [INFO] com.relationaldata.organisationdata.login.UserPrincipal [http-nio-8080-exec-3] you get password
2021-12-08 07:19:16,154 [INFO] com.relationaldata.organisationdata.login.UserPrincipal [http-nio-8080-exec-4] you get username
2021-12-08 07:19:16,205 [INFO] com.relationaldata.organisationdata.login.UserPrincipal [http-nio-8080-exec-4] you get username
2021-12-08 07:19:23,132 [TRACE] com.relationaldata.organisationdata.employee.EmployeeController [http-nio-8080-exec-5] Retrieving all employees details
2021-12-08 07:19:23,300 [INFO] com.relationaldata.organisationdata.login.UserPrincipal [http-nio-8080-exec-5] you get username
2021-12-08 07:24:54,409 [INFO] org.springframework.orm.jpa.LocalContainerEntityManagerFactoryBean [SpringApplicationShutdownHook] Closing JPA EntityManagerFactory for persistence unit 'default'
2021-12-08 07:24:54,412 [INFO] com.zaxxer.hikari.HikariDataSource [SpringApplicationShutdownHook] d1 - Shutdown initiated...
2021-12-08 07:24:54,425 [INFO] com.zaxxer.hikari.HikariDataSource [SpringApplicationShutdownHook] d1 - Shutdown completed.
2021-12-08 07:35:19,975 [INFO] com.relationaldata.organisationdata.OrganisationDataApplication [main] Starting OrganisationDataApplication using Java 11.0.11 on yaambs18-Latitude-E7240 with PID 7593 (/home/yaambs18/Desktop/organisation-data/target/classes started by yaambs18 in /home/yaambs18/Desktop/organisation-data)
2021-12-08 07:35:19,978 [DEBUG] com.relationaldata.organisationdata.OrganisationDataApplication [main] Running with Spring Boot v2.6.1, Spring v5.3.13
2021-12-08 07:35:19,979 [INFO] com.relationaldata.organisationdata.OrganisationDataApplication [main] No active profile set, falling back to default profiles: default
2021-12-08 07:35:21,214 [INFO] org.springframework.data.repository.config.RepositoryConfigurationDelegate [main] Bootstrapping Spring Data JPA repositories in DEFAULT mode.
2021-12-08 07:35:21,360 [INFO] org.springframework.data.repository.config.RepositoryConfigurationDelegate [main] Finished Spring Data repository scanning in 112 ms. Found 4 JPA repository interfaces.
2021-12-08 07:35:22,307 [INFO] org.springframework.boot.web.embedded.tomcat.TomcatWebServer [main] Tomcat initialized with port(s): 8080 (http)
2021-12-08 07:35:22,331 [INFO] org.apache.catalina.core.StandardService [main] Starting service [Tomcat]
2021-12-08 07:35:22,331 [INFO] org.apache.catalina.core.StandardEngine [main] Starting Servlet engine: [Apache Tomcat/9.0.55]
2021-12-08 07:35:22,459 [INFO] org.apache.catalina.core.ContainerBase.[Tomcat].[localhost].[/] [main] Initializing Spring embedded WebApplicationContext
2021-12-08 07:35:22,460 [INFO] org.springframework.boot.web.servlet.context.ServletWebServerApplicationContext [main] Root WebApplicationContext: initialization completed in 2398 ms
2021-12-08 07:35:22,889 [INFO] org.hibernate.jpa.internal.util.LogHelper [main] HHH000204: Processing PersistenceUnitInfo [name: default]
2021-12-08 07:35:22,940 [INFO] org.hibernate.Version [main] HHH000412: Hibernate ORM core version 5.6.1.Final
2021-12-08 07:35:23,099 [INFO] org.hibernate.annotations.common.Version [main] HCANN000001: Hibernate Commons Annotations {5.1.2.Final}
2021-12-08 07:35:23,223 [INFO] com.zaxxer.hikari.HikariDataSource [main] d1 - Starting...
2021-12-08 07:35:23,693 [INFO] com.zaxxer.hikari.HikariDataSource [main] d1 - Start completed.
2021-12-08 07:35:23,714 [INFO] org.hibernate.dialect.Dialect [main] HHH000400: Using dialect: org.hibernate.dialect.MySQL8Dialect
2021-12-08 07:35:24,913 [INFO] org.hibernate.engine.transaction.jta.platform.internal.JtaPlatformInitiator [main] HHH000490: Using JtaPlatform implementation: [org.hibernate.engine.transaction.jta.platform.internal.NoJtaPlatform]
2021-12-08 07:35:24,922 [INFO] org.springframework.orm.jpa.LocalContainerEntityManagerFactoryBean [main] Initialized JPA EntityManagerFactory for persistence unit 'default'
2021-12-08 07:35:24,984 [WARN] org.springframework.boot.autoconfigure.orm.jpa.JpaBaseConfiguration$JpaWebConfiguration [main] spring.jpa.open-in-view is enabled by default. Therefore, database queries may be performed during view rendering. Explicitly configure spring.jpa.open-in-view to disable this warning
2021-12-08 07:35:25,795 [INFO] org.springframework.security.web.DefaultSecurityFilterChain [main] Will secure any request with [org.springframework.security.web.context.request.async.WebAsyncManagerIntegrationFilter@770cbe5d, org.springframework.security.web.context.SecurityContextPersistenceFilter@3340ff7c, org.springframework.security.web.header.HeaderWriterFilter@7120daa6, org.springframework.security.web.authentication.logout.LogoutFilter@750c23a3, org.springframework.security.web.authentication.UsernamePasswordAuthenticationFilter@36931450, org.springframework.security.web.authentication.ui.DefaultLoginPageGeneratingFilter@14ba7f15, org.springframework.security.web.authentication.ui.DefaultLogoutPageGeneratingFilter@f575d2b, org.springframework.security.web.savedrequest.RequestCacheAwareFilter@5e198c40, org.springframework.security.web.servletapi.SecurityContextHolderAwareRequestFilter@3d3b852e, org.springframework.security.web.authentication.AnonymousAuthenticationFilter@4d90d91f, org.springframework.security.web.session.SessionManagementFilter@6787bd41, org.springframework.security.web.access.ExceptionTranslationFilter@6b6c0b7c, org.springframework.security.web.access.intercept.FilterSecurityInterceptor@dbcf7c3]
2021-12-08 07:35:26,417 [INFO] org.springframework.boot.web.embedded.tomcat.TomcatWebServer [main] Tomcat started on port(s): 8080 (http) with context path ''
2021-12-08 07:35:26,434 [INFO] com.relationaldata.organisationdata.OrganisationDataApplication [main] Started OrganisationDataApplication in 7.694 seconds (JVM running for 8.867)
2021-12-08 07:35:41,297 [INFO] org.apache.catalina.core.ContainerBase.[Tomcat].[localhost].[/] [http-nio-8080-exec-1] Initializing Spring DispatcherServlet 'dispatcherServlet'
2021-12-08 07:35:41,302 [INFO] org.springframework.web.servlet.DispatcherServlet [http-nio-8080-exec-1] Initializing Servlet 'dispatcherServlet'
2021-12-08 07:35:41,304 [INFO] org.springframework.web.servlet.DispatcherServlet [http-nio-8080-exec-1] Completed initialization in 2 ms
2021-12-08 07:35:49,926 [INFO] com.relationaldata.organisationdata.login.UserPrincipal [http-nio-8080-exec-4] you get password
2021-12-08 07:36:11,277 [INFO] com.relationaldata.organisationdata.login.UserPrincipal [http-nio-8080-exec-6] you get password
2021-12-08 07:36:17,903 [INFO] org.springframework.orm.jpa.LocalContainerEntityManagerFactoryBean [SpringApplicationShutdownHook] Closing JPA EntityManagerFactory for persistence unit 'default'
2021-12-08 07:36:17,906 [INFO] com.zaxxer.hikari.HikariDataSource [SpringApplicationShutdownHook] d1 - Shutdown initiated...
2021-12-08 07:36:17,925 [INFO] com.zaxxer.hikari.HikariDataSource [SpringApplicationShutdownHook] d1 - Shutdown completed.
